# JRE version: OpenJDK Runtime Environment (21.0.5) (build 21.0.5+-12932927-b750.29)
# Java VM: OpenJDK 64-Bit Server VM (21.0.5+-12932927-b750.29, mixed mode, tiered, compressed oops, compressed class ptrs, g1 gc, windows-amd64)
GC Precious Log:
 CardTable entry size: 512
 Card Set container configuration: InlinePtr #cards 4 size 8 Array Of Cards #cards 16 size 48 Howl #buckets 8 coarsen threshold 3686 Howl Bitmap #cards 512 size 80 coarsen threshold 460 Card regions per heap region 1 cards per card region 4096
 CPUs: 12 total, 12 available
 Memory: 15791M
 Large Page Support: Disabled
 NUMA Support: Disabled
 Compressed Oops: Enabled (Zero based)
 Heap Region Size: 2M
 Heap Min Capacity: 8M
 Heap Initial Capacity: 248M
 Heap Max Capacity: 3948M
 Pre-touch: Disabled
 Parallel Workers: 10
 Concurrent Workers: 3
 Concurrent Refinement Workers: 10
 Periodic GC: Disabled
Heap:
 garbage-first heap   total 192512K, used 122737K [0x0000000709400000, 0x0000000800000000)
  region size 2048K, 3 young (6144K), 3 survivors (6144K)
 Metaspace       used 94482K, committed 94912K, reserved 1179648K
  class space    used 9652K, committed 9856K, reserved 1048576K
GC Heap History (20 events):
Event: 5.369 GC heap after
{Heap after GC invocations=11 (full 0):
 garbage-first heap   total 151552K, used 50689K [0x0000000709400000, 0x0000000800000000)
  region size 2048K, 5 young (10240K), 5 survivors (10240K)
 Metaspace       used 60065K, committed 60288K, reserved 1114112K
  class space    used 6867K, committed 6976K, reserved 1048576K
}
Event: 7.040 GC heap before
{Heap before GC invocations=12 (full 0):
 garbage-first heap   total 151552K, used 110081K [0x0000000709400000, 0x0000000800000000)
  region size 2048K, 34 young (69632K), 5 survivors (10240K)
 Metaspace       used 63116K, committed 63424K, reserved 1114112K
  class space    used 7171K, committed 7296K, reserved 1048576K
}
Event: 7.069 GC heap after
{Heap after GC invocations=13 (full 0):
 garbage-first heap   total 151552K, used 63488K [0x0000000709400000, 0x0000000800000000)
  region size 2048K, 5 young (10240K), 5 survivors (10240K)
 Metaspace       used 63116K, committed 63424K, reserved 1114112K
  class space    used 7171K, committed 7296K, reserved 1048576K
}
Event: 9.055 GC heap before
{Heap before GC invocations=13 (full 0):
 garbage-first heap   total 151552K, used 116736K [0x0000000709400000, 0x0000000800000000)
  region size 2048K, 31 young (63488K), 5 survivors (10240K)
 Metaspace       used 65651K, committed 65920K, reserved 1114112K
  class space    used 7355K, committed 7488K, reserved 1048576K
}
Event: 9.088 GC heap after
{Heap after GC invocations=14 (full 0):
 garbage-first heap   total 151552K, used 73216K [0x0000000709400000, 0x0000000800000000)
  region size 2048K, 4 young (8192K), 4 survivors (8192K)
 Metaspace       used 65651K, committed 65920K, reserved 1114112K
  class space    used 7355K, committed 7488K, reserved 1048576K
}
Event: 10.905 GC heap before
{Heap before GC invocations=14 (full 0):
 garbage-first heap   total 151552K, used 122368K [0x0000000709400000, 0x0000000800000000)
  region size 2048K, 28 young (57344K), 4 survivors (8192K)
 Metaspace       used 69448K, committed 69760K, reserved 1114112K
  class space    used 7650K, committed 7744K, reserved 1048576K
}
Event: 10.921 GC heap after
{Heap after GC invocations=15 (full 0):
 garbage-first heap   total 182272K, used 79537K [0x0000000709400000, 0x0000000800000000)
  region size 2048K, 3 young (6144K), 3 survivors (6144K)
 Metaspace       used 69448K, committed 69760K, reserved 1114112K
  class space    used 7650K, committed 7744K, reserved 1048576K
}
Event: 12.115 GC heap before
{Heap before GC invocations=15 (full 0):
 garbage-first heap   total 182272K, used 126641K [0x0000000709400000, 0x0000000800000000)
  region size 2048K, 27 young (55296K), 3 survivors (6144K)
 Metaspace       used 70178K, committed 70464K, reserved 1114112K
  class space    used 7681K, committed 7808K, reserved 1048576K
}
Event: 12.130 GC heap after
{Heap after GC invocations=16 (full 0):
 garbage-first heap   total 182272K, used 88064K [0x0000000709400000, 0x0000000800000000)
  region size 2048K, 5 young (10240K), 5 survivors (10240K)
 Metaspace       used 70178K, committed 70464K, reserved 1114112K
  class space    used 7681K, committed 7808K, reserved 1048576K
}
Event: 13.518 GC heap before
{Heap before GC invocations=17 (full 0):
 garbage-first heap   total 182272K, used 151552K [0x0000000709400000, 0x0000000800000000)
  region size 2048K, 36 young (73728K), 5 survivors (10240K)
 Metaspace       used 76695K, committed 77056K, reserved 1179648K
  class space    used 8270K, committed 8448K, reserved 1048576K
}
Event: 13.537 GC heap after
{Heap after GC invocations=18 (full 0):
 garbage-first heap   total 182272K, used 98341K [0x0000000709400000, 0x0000000800000000)
  region size 2048K, 5 young (10240K), 5 survivors (10240K)
 Metaspace       used 76695K, committed 77056K, reserved 1179648K
  class space    used 8270K, committed 8448K, reserved 1048576K
}
Event: 14.157 GC heap before
{Heap before GC invocations=18 (full 0):
 garbage-first heap   total 182272K, used 153637K [0x0000000709400000, 0x0000000800000000)
  region size 2048K, 32 young (65536K), 5 survivors (10240K)
 Metaspace       used 77938K, committed 78272K, reserved 1179648K
  class space    used 8330K, committed 8512K, reserved 1048576K
}
Event: 14.181 GC heap after
{Heap after GC invocations=19 (full 0):
 garbage-first heap   total 182272K, used 108986K [0x0000000709400000, 0x0000000800000000)
  region size 2048K, 4 young (8192K), 4 survivors (8192K)
 Metaspace       used 77938K, committed 78272K, reserved 1179648K
  class space    used 8330K, committed 8512K, reserved 1048576K
}
Event: 14.909 GC heap before
{Heap before GC invocations=19 (full 0):
 garbage-first heap   total 182272K, used 156090K [0x0000000709400000, 0x0000000800000000)
  region size 2048K, 27 young (55296K), 4 survivors (8192K)
 Metaspace       used 82941K, committed 83392K, reserved 1179648K
  class space    used 8745K, committed 8960K, reserved 1048576K
}
Event: 14.921 GC heap after
{Heap after GC invocations=20 (full 0):
 garbage-first heap   total 182272K, used 113696K [0x0000000709400000, 0x0000000800000000)
  region size 2048K, 2 young (4096K), 2 survivors (4096K)
 Metaspace       used 82941K, committed 83392K, reserved 1179648K
  class space    used 8745K, committed 8960K, reserved 1048576K
}
Event: 16.089 GC heap before
{Heap before GC invocations=21 (full 0):
 garbage-first heap   total 192512K, used 156704K [0x0000000709400000, 0x0000000800000000)
  region size 2048K, 24 young (49152K), 2 survivors (4096K)
 Metaspace       used 87858K, committed 88320K, reserved 1179648K
  class space    used 9137K, committed 9344K, reserved 1048576K
}
Event: 16.100 GC heap after
{Heap after GC invocations=22 (full 0):
 garbage-first heap   total 192512K, used 119662K [0x0000000709400000, 0x0000000800000000)
  region size 2048K, 3 young (6144K), 3 survivors (6144K)
 Metaspace       used 87858K, committed 88320K, reserved 1179648K
  class space    used 9137K, committed 9344K, reserved 1048576K
}
Event: 17.008 GC heap before
{Heap before GC invocations=22 (full 0):
 garbage-first heap   total 192512K, used 168814K [0x0000000709400000, 0x0000000800000000)
  region size 2048K, 27 young (55296K), 3 survivors (6144K)
 Metaspace       used 89156K, committed 89600K, reserved 1179648K
  class space    used 9209K, committed 9408K, reserved 1048576K
}
Event: 17.018 GC heap after
{Heap after GC invocations=23 (full 0):
 garbage-first heap   total 192512K, used 120444K [0x0000000709400000, 0x0000000800000000)
  region size 2048K, 2 young (4096K), 2 survivors (4096K)
 Metaspace       used 89156K, committed 89600K, reserved 1179648K
  class space    used 9209K, committed 9408K, reserved 1048576K
}
Event: 18.151 GC heap before
{Heap before GC invocations=23 (full 0):
 garbage-first heap   total 192512K, used 169596K [0x0000000709400000, 0x0000000800000000)
  region size 2048K, 27 young (55296K), 2 survivors (4096K)
 Metaspace       used 94482K, committed 94912K, reserved 1179648K
  class space    used 9652K, committed 9856K, reserved 1048576K
}

