# JRE version: OpenJDK Runtime Environment (21.0.5) (build 21.0.5+-12932927-b750.29)
# Java VM: OpenJDK 64-Bit Server VM (21.0.5+-12932927-b750.29, mixed mode, tiered, compressed oops, compressed class ptrs, g1 gc, windows-amd64)
GC Precious Log:
 CardTable entry size: 512
 Card Set container configuration: InlinePtr #cards 4 size 8 Array Of Cards #cards 16 size 48 Howl #buckets 8 coarsen threshold 3686 Howl Bitmap #cards 512 size 80 coarsen threshold 460 Card regions per heap region 1 cards per card region 4096
 CPUs: 12 total, 12 available
 Memory: 15791M
 Large Page Support: Disabled
 NUMA Support: Disabled
 Compressed Oops: Enabled (Zero based)
 Heap Region Size: 2M
 Heap Min Capacity: 8M
 Heap Initial Capacity: 248M
 Heap Max Capacity: 3948M
 Pre-touch: Disabled
 Parallel Workers: 10
 Concurrent Workers: 3
 Concurrent Refinement Workers: 10
 Periodic GC: Disabled
Heap:
 garbage-first heap   total 208896K, used 128821K [0x0000000709400000, 0x0000000800000000)
  region size 2048K, 7 young (14336K), 3 survivors (6144K)
 Metaspace       used 94879K, committed 95360K, reserved 1179648K
  class space    used 9654K, committed 9856K, reserved 1048576K
GC Heap History (20 events):
Event: 7.451 GC heap before
{Heap before GC invocations=12 (full 0):
 garbage-first heap   total 151552K, used 110588K [0x0000000709400000, 0x0000000800000000)
  region size 2048K, 34 young (69632K), 5 survivors (10240K)
 Metaspace       used 63200K, committed 63488K, reserved 1114112K
  class space    used 7177K, committed 7296K, reserved 1048576K
}
Event: 7.478 GC heap after
{Heap after GC invocations=13 (full 0):
 garbage-first heap   total 151552K, used 63488K [0x0000000709400000, 0x0000000800000000)
  region size 2048K, 5 young (10240K), 5 survivors (10240K)
 Metaspace       used 63200K, committed 63488K, reserved 1114112K
  class space    used 7177K, committed 7296K, reserved 1048576K
}
Event: 9.350 GC heap before
{Heap before GC invocations=13 (full 0):
 garbage-first heap   total 151552K, used 116736K [0x0000000709400000, 0x0000000800000000)
  region size 2048K, 31 young (63488K), 5 survivors (10240K)
 Metaspace       used 65685K, committed 66048K, reserved 1114112K
  class space    used 7357K, committed 7488K, reserved 1048576K
}
Event: 9.376 GC heap after
{Heap after GC invocations=14 (full 0):
 garbage-first heap   total 151552K, used 73728K [0x0000000709400000, 0x0000000800000000)
  region size 2048K, 4 young (8192K), 4 survivors (8192K)
 Metaspace       used 65685K, committed 66048K, reserved 1114112K
  class space    used 7357K, committed 7488K, reserved 1048576K
}
Event: 11.069 GC heap before
{Heap before GC invocations=14 (full 0):
 garbage-first heap   total 151552K, used 122880K [0x0000000709400000, 0x0000000800000000)
  region size 2048K, 28 young (57344K), 4 survivors (8192K)
 Metaspace       used 69529K, committed 69824K, reserved 1114112K
  class space    used 7653K, committed 7744K, reserved 1048576K
}
Event: 11.085 GC heap after
{Heap after GC invocations=15 (full 0):
 garbage-first heap   total 182272K, used 80376K [0x0000000709400000, 0x0000000800000000)
  region size 2048K, 3 young (6144K), 3 survivors (6144K)
 Metaspace       used 69529K, committed 69824K, reserved 1114112K
  class space    used 7653K, committed 7744K, reserved 1048576K
}
Event: 12.299 GC heap before
{Heap before GC invocations=15 (full 0):
 garbage-first heap   total 182272K, used 131576K [0x0000000709400000, 0x0000000800000000)
  region size 2048K, 29 young (59392K), 3 survivors (6144K)
 Metaspace       used 70356K, committed 70656K, reserved 1114112K
  class space    used 7693K, committed 7808K, reserved 1048576K
}
Event: 12.316 GC heap after
{Heap after GC invocations=16 (full 0):
 garbage-first heap   total 182272K, used 88522K [0x0000000709400000, 0x0000000800000000)
  region size 2048K, 5 young (10240K), 5 survivors (10240K)
 Metaspace       used 70356K, committed 70656K, reserved 1114112K
  class space    used 7693K, committed 7808K, reserved 1048576K
}
Event: 13.630 GC heap before
{Heap before GC invocations=17 (full 0):
 garbage-first heap   total 182272K, used 152010K [0x0000000709400000, 0x0000000800000000)
  region size 2048K, 36 young (73728K), 5 survivors (10240K)
 Metaspace       used 77068K, committed 77440K, reserved 1179648K
  class space    used 8293K, committed 8512K, reserved 1048576K
}
Event: 13.650 GC heap after
{Heap after GC invocations=18 (full 0):
 garbage-first heap   total 182272K, used 99485K [0x0000000709400000, 0x0000000800000000)
  region size 2048K, 5 young (10240K), 5 survivors (10240K)
 Metaspace       used 77068K, committed 77440K, reserved 1179648K
  class space    used 8293K, committed 8512K, reserved 1048576K
}
Event: 14.272 GC heap before
{Heap before GC invocations=18 (full 0):
 garbage-first heap   total 182272K, used 154781K [0x0000000709400000, 0x0000000800000000)
  region size 2048K, 32 young (65536K), 5 survivors (10240K)
 Metaspace       used 78116K, committed 78464K, reserved 1179648K
  class space    used 8347K, committed 8512K, reserved 1048576K
}
Event: 14.295 GC heap after
{Heap after GC invocations=19 (full 0):
 garbage-first heap   total 182272K, used 109442K [0x0000000709400000, 0x0000000800000000)
  region size 2048K, 4 young (8192K), 4 survivors (8192K)
 Metaspace       used 78116K, committed 78464K, reserved 1179648K
  class space    used 8347K, committed 8512K, reserved 1048576K
}
Event: 15.028 GC heap before
{Heap before GC invocations=19 (full 0):
 garbage-first heap   total 182272K, used 156546K [0x0000000709400000, 0x0000000800000000)
  region size 2048K, 27 young (55296K), 4 survivors (8192K)
 Metaspace       used 82979K, committed 83392K, reserved 1179648K
  class space    used 8748K, committed 8960K, reserved 1048576K
}
Event: 15.040 GC heap after
{Heap after GC invocations=20 (full 0):
 garbage-first heap   total 182272K, used 114015K [0x0000000709400000, 0x0000000800000000)
  region size 2048K, 2 young (4096K), 2 survivors (4096K)
 Metaspace       used 82979K, committed 83392K, reserved 1179648K
  class space    used 8748K, committed 8960K, reserved 1048576K
}
Event: 16.205 GC heap before
{Heap before GC invocations=21 (full 0):
 garbage-first heap   total 192512K, used 157023K [0x0000000709400000, 0x0000000800000000)
  region size 2048K, 24 young (49152K), 2 survivors (4096K)
 Metaspace       used 88068K, committed 88512K, reserved 1179648K
  class space    used 9140K, committed 9344K, reserved 1048576K
}
Event: 16.216 GC heap after
{Heap after GC invocations=22 (full 0):
 garbage-first heap   total 192512K, used 119143K [0x0000000709400000, 0x0000000800000000)
  region size 2048K, 3 young (6144K), 3 survivors (6144K)
 Metaspace       used 88068K, committed 88512K, reserved 1179648K
  class space    used 9140K, committed 9344K, reserved 1048576K
}
Event: 17.253 GC heap before
{Heap before GC invocations=22 (full 0):
 garbage-first heap   total 192512K, used 168295K [0x0000000709400000, 0x0000000800000000)
  region size 2048K, 27 young (55296K), 3 survivors (6144K)
 Metaspace       used 89199K, committed 89600K, reserved 1179648K
  class space    used 9213K, committed 9408K, reserved 1048576K
}
Event: 17.263 GC heap after
{Heap after GC invocations=23 (full 0):
 garbage-first heap   total 192512K, used 120324K [0x0000000709400000, 0x0000000800000000)
  region size 2048K, 2 young (4096K), 2 survivors (4096K)
 Metaspace       used 89199K, committed 89600K, reserved 1179648K
  class space    used 9213K, committed 9408K, reserved 1048576K
}
Event: 18.524 GC heap before
{Heap before GC invocations=23 (full 0):
 garbage-first heap   total 192512K, used 169476K [0x0000000709400000, 0x0000000800000000)
  region size 2048K, 27 young (55296K), 2 survivors (4096K)
 Metaspace       used 94623K, committed 95040K, reserved 1179648K
  class space    used 9654K, committed 9856K, reserved 1048576K
}
Event: 18.532 GC heap after
{Heap after GC invocations=24 (full 0):
 garbage-first heap   total 192512K, used 122677K [0x0000000709400000, 0x0000000800000000)
  region size 2048K, 3 young (6144K), 3 survivors (6144K)
 Metaspace       used 94623K, committed 95040K, reserved 1179648K
  class space    used 9654K, committed 9856K, reserved 1048576K
}

